     1 00000000                                 ; haribote-ipl
     2 00000000                                 ; TAB=4
     3 00000000                                 
     4  = 0000000A                              CYLS	EQU		10
     5 00000000                                 
     6                                          		ORG		0x7c00			; このプログラムがどこに読み込まれるのか
     7 00007C00                                 
     8 00007C00                                 ; 以下は標準的なFAT12フォーマットフロッピーディスクのための記述
     9 00007C00                                 
    10 00007C00 EB 4E                           		JMP		entry
    11 00007C02 90                              		DB		0x90
    12 00007C03 48 41 52 49 42 4F 54 45         		DB		"HARIBOTE"		; ブートセクタの名前を自由に書いてよい（8バイト）
    13 00007C0B 0200                            		DW		512				; 1セクタの大きさ（512にしなければいけない）
    14 00007C0D 01                              		DB		1				; クラスタの大きさ（1セクタにしなければいけない）
    15 00007C0E 0001                            		DW		1				; FATがどこから始まるか（普通は1セクタ目からにする）
    16 00007C10 02                              		DB		2				; FATの個数（2にしなければいけない）
    17 00007C11 00E0                            		DW		224				; ルートディレクトリ領域の大きさ（普通は224エントリにする）
    18 00007C13 0B40                            		DW		2880			; このドライブの大きさ（2880セクタにしなければいけない）
    19 00007C15 F0                              		DB		0xf0			; メディアのタイプ（0xf0にしなければいけない）
    20 00007C16 0009                            		DW		9				; FAT領域の長さ（9セクタにしなければいけない）
    21 00007C18 0012                            		DW		18				; 1トラックにいくつのセクタがあるか（18にしなければいけない）
    22 00007C1A 0002                            		DW		2				; ヘッドの数（2にしなければいけない）
    23 00007C1C 00000000                        		DD		0				; パーティションを使ってないのでここは必ず0
    24 00007C20 00000B40                        		DD		2880			; このドライブ大きさをもう一度書く
    25 00007C24 00 00 29                        		DB		0,0,0x29		; よくわからないけどこの値にしておくといいらしい
    26 00007C27 FFFFFFFF                        		DD		0xffffffff		; たぶんボリュームシリアル番号
    27 00007C2B 48 41 52 49 42 4F 54 45 4F 53   		DB		"HARIBOTEOS "	; ディスクの名前（11バイト）
       00007C35 20 
    28 00007C36 46 41 54 31 32 20 20 20         		DB		"FAT12   "		; フォーマットの名前（8バイト）
    29 00007C3E 00 00 00 00 00 00 00 00 00 00   		RESB	18				; とりあえず18バイトあけておく
       00007C48 00 00 00 00 00 00 00 00 
    30 00007C50                                 
    31 00007C50                                 ; プログラム本体
    32 00007C50                                 
    33 00007C50                                 entry:
    34 00007C50 B8 0000                         		MOV		AX,0			; レジスタ初期化
    35 00007C53 8E D0                           		MOV		SS,AX
    36 00007C55 BC 7C00                         		MOV		SP,0x7c00
    37 00007C58 8E D8                           		MOV		DS,AX
    38 00007C5A                                 
    39 00007C5A                                 ; ディスクを読む
    40 00007C5A                                 
    41 00007C5A B8 8200                         		MOV		AX,0x08200
    42 00007C5D 8E C0                           		MOV		ES,AX
    43 00007C5F B5 00                           		MOV		CH,0			; シリンダ0
    44 00007C61 B6 00                           		MOV		DH,0			; ヘッド0
    45 00007C63 B1 02                           		MOV		CL,2			; セクタ2
    46 00007C65                                 readloop:
    47 00007C65 BE 0000                         		MOV		SI,0
    48 00007C68                                 retry:
    49 00007C68 B4 02                           		MOV		AH,0x02			; AH=0x02 : ディスク読み込み
    50 00007C6A B0 01                           		MOV		AL,1			; 1セクタ
    51 00007C6C BB 0000                         		MOV		BX,0
    52 00007C6F B2 00                           		MOV		DL,0x00			; Aドライブ
    53 00007C71 CD 13                           		INT		0x13			; ディスクBIOS呼び出し
    54 00007C73 73 10                           		JNC		next
    55 00007C75 83 C6 01                        		ADD		SI,1
    56 00007C78 83 FE 05                        		CMP		SI,5
    57 00007C7B 73 2E                           		JAE		error
    58 00007C7D B4 00                           		MOV		AH,0x00
    59 00007C7F B2 00                           		MOV		DL,0x00
    60 00007C81 CD 13                           		INT		0x13
    61 00007C83 EB E3                           		JMP		retry
    62 00007C85                                 next:
    63 00007C85 8C C0                           		MOV		AX,ES
    64 00007C87 05 0020                         		ADD		AX,0x0020
    65 00007C8A 8E C0                           		MOV		ES,AX
    66 00007C8C 80 C1 01                        		ADD		CL,1
    67 00007C8F 80 F9 12                        		CMP		CL,18
    68 00007C92 76 D1                           		JBE		readloop
    69 00007C94 B1 01                           		MOV		CL,1
    70 00007C96 80 C6 01                        		ADD		DH,1
    71 00007C99 80 FE 02                        		CMP		DH,2
    72 00007C9C 72 C7                           		JB		readloop
    73 00007C9E B6 00                           		MOV		DH,0
    74 00007CA0 80 C5 01                        		ADD		CH,1
    75 00007CA3 80 FD 0A                        		CMP		CH,CYLS
    76 00007CA6 72 BD                           		JB		readloop
    77 00007CA8                                 
    78 00007CA8                                 ; 読み終わったけどとりあえずやることないので寝る
    79 00007CA8                                 
    80 00007CA8                                 fin:
    81 00007CA8 F4                              		HLT						; 何かあるまでCPUを停止させる
    82 00007CA9 EB FD                           		JMP		fin				; 無限ループ
    83 00007CAB                                 error:
    84 00007CAB BE 7CC4                         		MOV		SI,msg
    85 00007CAE EB 00                           		JMP		putloop
    86 00007CB0                                 putloop:
    87 00007CB0 8A 04                           		MOV		AL,[SI]
    88 00007CB2 83 C6 01                        		ADD		SI,1			; SIに1を足す
    89 00007CB5 3C 00                           		CMP		AL,0
    90 00007CB7 0F 84 4545                      		JE		0xc200
    91 00007CBB B4 0E                           		MOV		AH,0x0e			; 一文字表示ファンクション
    92 00007CBD BB 000F                         		MOV		BX,15			; カラーコード
    93 00007CC0 CD 10                           		INT		0x10			; ビデオBIOS呼び出し
    94 00007CC2 EB EC                           		JMP		putloop
    95 00007CC4                                 msg:
    96 00007CC4 0A 0A                           		DB		0x0a, 0x0a		; 改行を2つ
    97 00007CC6 6C 6F 61 64 20 65 72 72 6F 72   		DB		"load error"
    98 00007CD0 0A                              		DB		0x0a			; 改行
    99 00007CD1 00                              		DB		0
   100 00007CD2                                 
   101 00007CD2 00 00 00 00 00 00 00 00 00 00   		RESB	0x7dfe-$		; 0x7dfeまでを0x00で埋める命令
       00007CDC 00 00 00 00 00 00 00 00 00 00 
       00007CE6 00 00 00 00 00 00 00 00 00 00 
       00007CF0 00 00 00 00 00 00 00 00 00 00 
       00007CFA 00 00 00 00 00 00 00 00 00 00 
       00007D04 00 00 00 00 00 00 00 00 00 00 
       00007D0E 00 00 00 00 00 00 00 00 00 00 
       00007D18 00 00 00 00 00 00 00 00 00 00 
       00007D22 00 00 00 00 00 00 00 00 00 00 
       00007D2C 00 00 00 00 00 00 00 00 00 00 
       00007D36 00 00 00 00 00 00 00 00 00 00 
       00007D40 00 00 00 00 00 00 00 00 00 00 
       00007D4A 00 00 00 00 00 00 00 00 00 00 
       00007D54 00 00 00 00 00 00 00 00 00 00 
       00007D5E 00 00 00 00 00 00 00 00 00 00 
       00007D68 00 00 00 00 00 00 00 00 00 00 
       00007D72 00 00 00 00 00 00 00 00 00 00 
       00007D7C 00 00 00 00 00 00 00 00 00 00 
       00007D86 00 00 00 00 00 00 00 00 00 00 
       00007D90 00 00 00 00 00 00 00 00 00 00 
       00007D9A 00 00 00 00 00 00 00 00 00 00 
       00007DA4 00 00 00 00 00 00 00 00 00 00 
       00007DAE 00 00 00 00 00 00 00 00 00 00 
       00007DB8 00 00 00 00 00 00 00 00 00 00 
       00007DC2 00 00 00 00 00 00 00 00 00 00 
       00007DCC 00 00 00 00 00 00 00 00 00 00 
       00007DD6 00 00 00 00 00 00 00 00 00 00 
       00007DE0 00 00 00 00 00 00 00 00 00 00 
       00007DEA 00 00 00 00 00 00 00 00 00 00 
       00007DF4 00 00 00 00 00 00 00 00 00 00 
   102 00007DFE                                 
   103 00007DFE 55 AA                           		DB		0x55, 0xaa
