     1 00000000                                 ; haribote-ipl
     2 00000000                                 ; TAB=4
     3 00000000                                 
     4                                          		ORG		0x7c00			; このプログラムがどこに読み込まれるのか
     5 00007C00                                 
     6 00007C00                                 ; 以下は標準的なFAT12フォーマットフロッピーディスクのための記述
     7 00007C00                                 
     8 00007C00 EB 4E                           		JMP		entry
     9 00007C02 90                              		DB		0x90
    10 00007C03 48 41 52 49 42 4F 54 45         		DB		"HARIBOTE"		; ブートセクタの名前を自由に書いてよい（8バイト）
    11 00007C0B 0200                            		DW		512				; 1セクタの大きさ（512にしなければいけない）
    12 00007C0D 01                              		DB		1				; クラスタの大きさ（1セクタにしなければいけない）
    13 00007C0E 0001                            		DW		1				; FATがどこから始まるか（普通は1セクタ目からにする）
    14 00007C10 02                              		DB		2				; FATの個数（2にしなければいけない）
    15 00007C11 00E0                            		DW		224				; ルートディレクトリ領域の大きさ（普通は224エントリにする）
    16 00007C13 0B40                            		DW		2880			; このドライブの大きさ（2880セクタにしなければいけない）
    17 00007C15 F0                              		DB		0xf0			; メディアのタイプ（0xf0にしなければいけない）
    18 00007C16 0009                            		DW		9				; FAT領域の長さ（9セクタにしなければいけない）
    19 00007C18 0012                            		DW		18				; 1トラックにいくつのセクタがあるか（18にしなければいけない）
    20 00007C1A 0002                            		DW		2				; ヘッドの数（2にしなければいけない）
    21 00007C1C 00000000                        		DD		0				; パーティションを使ってないのでここは必ず0
    22 00007C20 00000B40                        		DD		2880			; このドライブ大きさをもう一度書く
    23 00007C24 00 00 29                        		DB		0,0,0x29		; よくわからないけどこの値にしておくといいらしい
    24 00007C27 FFFFFFFF                        		DD		0xffffffff		; たぶんボリュームシリアル番号
    25 00007C2B 48 41 52 49 42 4F 54 45 4F 53   		DB		"HARIBOTEOS "	; ディスクの名前（11バイト）
       00007C35 20 
    26 00007C36 46 41 54 31 32 20 20 20         		DB		"FAT12   "		; フォーマットの名前（8バイト）
    27 00007C3E 00 00 00 00 00 00 00 00 00 00   		RESB	18				; とりあえず18バイトあけておく
       00007C48 00 00 00 00 00 00 00 00 
    28 00007C50                                 
    29 00007C50                                 ; プログラム本体
    30 00007C50                                 
    31 00007C50                                 entry:
    32 00007C50 B8 0000                         		MOV		AX,0			; レジスタ初期化
    33 00007C53 8E D0                           		MOV		SS,AX
    34 00007C55 BC 7C00                         		MOV		SP,0x7c00
    35 00007C58 8E D8                           		MOV		DS,AX
    36 00007C5A                                 
    37 00007C5A                                 ; ディスクを読む
    38 00007C5A                                 
    39 00007C5A B8 8200                         		MOV		AX,0x08200
    40 00007C5D 8E C0                           		MOV		ES,AX
    41 00007C5F B5 00                           		MOV		CH,0			; シリンダ0
    42 00007C61 B6 00                           		MOV		DH,0			; ヘッド0
    43 00007C63 B1 02                           		MOV		CL,2			; セクタ2
    44 00007C65                                 readloop:
    45 00007C65 BE 0000                         		MOV		SI,0
    46 00007C68                                 retry:
    47 00007C68 B4 02                           		MOV		AH,0x02			; AH=0x02 : ディスク読み込み
    48 00007C6A B0 01                           		MOV		AL,1			; 1セクタ
    49 00007C6C BB 0000                         		MOV		BX,0
    50 00007C6F B2 00                           		MOV		DL,0x00			; Aドライブ
    51 00007C71 CD 13                           		INT		0x13			; ディスクBIOS呼び出し
    52 00007C73 73 27                           		JNC		hello
    53 00007C75 83 C6 01                        		ADD		SI,1
    54 00007C78 83 FE 05                        		CMP		SI,5
    55 00007C7B 73 1A                           		JAE		error
    56 00007C7D B4 00                           		MOV		AH,0x00
    57 00007C7F B2 00                           		MOV		DL,0x00
    58 00007C81 CD 13                           		INT		0x13
    59 00007C83 EB E3                           		JMP		retry
    60 00007C85                                 next:
    61 00007C85 8C C0                           		MOV		AX,ES
    62 00007C87 05 0020                         		ADD		AX,0x0020
    63 00007C8A 8E C0                           		MOV		ES,AX
    64 00007C8C 80 C1 01                        		ADD		CL,1
    65 00007C8F 80 F9 12                        		CMP		CL,18
    66 00007C92 76 D1                           		JBE		readloop
    67 00007C94                                 
    68 00007C94                                 ; 読み終わったけどとりあえずやることないので寝る
    69 00007C94                                 
    70 00007C94                                 fin:
    71 00007C94 F4                              		HLT						; 何かあるまでCPUを停止させる
    72 00007C95 EB FD                           		JMP		fin				; 無限ループ
    73 00007C97                                 
    74 00007C97                                 error:
    75 00007C97 BE 7CC5                         		MOV		SI,msg
    76 00007C9A EB 05                           		JMP		putloop
    77 00007C9C                                 
    78 00007C9C                                 hello:
    79 00007C9C BE 7CB3                         		MOV		SI,msg1
    80 00007C9F EB 00                           		JMP		putloop
    81 00007CA1                                 
    82 00007CA1                                 putloop:
    83 00007CA1 8A 04                           		MOV		AL,[SI]
    84 00007CA3 83 C6 01                        		ADD		SI,1			; SIに1を足す
    85 00007CA6 3C 00                           		CMP		AL,0
    86 00007CA8 74 EA                           		JE		fin
    87 00007CAA B4 0E                           		MOV		AH,0x0e			; 一文字表示ファンクション
    88 00007CAC BB 000F                         		MOV		BX,15			; カラーコード
    89 00007CAF CD 10                           		INT		0x10			; ビデオBIOS呼び出し
    90 00007CB1 EB EE                           		JMP		putloop
    91 00007CB3                                 msg1:
    92 00007CB3 0A 0A                           		DB		0x0a, 0x0a		; 改行を2つ
    93 00007CB5 68 65 6C 6C 6F 20 74 65 62 61   		DB		"hello tebasaki"
       00007CBF 73 61 6B 69 
    94 00007CC3 0A                              		DB		0x0a			; 改行
    95 00007CC4 00                              		DB		0
    96 00007CC5                                 
    97 00007CC5                                 msg:
    98 00007CC5 0A 0A                           		DB		0x0a, 0x0a		; 改行を2つ
    99 00007CC7 6C 6F 61 64 20 65 72 72 6F 72   		DB		"load error, yeah"
       00007CD1 2C 20 79 65 61 68 
   100 00007CD7 0A                              		DB		0x0a			; 改行
   101 00007CD8 00                              		DB		0
   102 00007CD9                                 
   103 00007CD9 00 00 00 00 00 00 00 00 00 00   		RESB	0x7dfe-$		; 0x7dfeまでを0x00で埋める命令
       00007CE3 00 00 00 00 00 00 00 00 00 00 
       00007CED 00 00 00 00 00 00 00 00 00 00 
       00007CF7 00 00 00 00 00 00 00 00 00 00 
       00007D01 00 00 00 00 00 00 00 00 00 00 
       00007D0B 00 00 00 00 00 00 00 00 00 00 
       00007D15 00 00 00 00 00 00 00 00 00 00 
       00007D1F 00 00 00 00 00 00 00 00 00 00 
       00007D29 00 00 00 00 00 00 00 00 00 00 
       00007D33 00 00 00 00 00 00 00 00 00 00 
       00007D3D 00 00 00 00 00 00 00 00 00 00 
       00007D47 00 00 00 00 00 00 00 00 00 00 
       00007D51 00 00 00 00 00 00 00 00 00 00 
       00007D5B 00 00 00 00 00 00 00 00 00 00 
       00007D65 00 00 00 00 00 00 00 00 00 00 
       00007D6F 00 00 00 00 00 00 00 00 00 00 
       00007D79 00 00 00 00 00 00 00 00 00 00 
       00007D83 00 00 00 00 00 00 00 00 00 00 
       00007D8D 00 00 00 00 00 00 00 00 00 00 
       00007D97 00 00 00 00 00 00 00 00 00 00 
       00007DA1 00 00 00 00 00 00 00 00 00 00 
       00007DAB 00 00 00 00 00 00 00 00 00 00 
       00007DB5 00 00 00 00 00 00 00 00 00 00 
       00007DBF 00 00 00 00 00 00 00 00 00 00 
       00007DC9 00 00 00 00 00 00 00 00 00 00 
       00007DD3 00 00 00 00 00 00 00 00 00 00 
       00007DDD 00 00 00 00 00 00 00 00 00 00 
       00007DE7 00 00 00 00 00 00 00 00 00 00 
       00007DF1 00 00 00 00 00 00 00 00 00 00 
       00007DFB 00 00 00 
   104 00007DFE                                 
   105 00007DFE 55 AA                           		DB		0x55, 0xaa
