     1 00000000                                 ; haribote-ipl
     2 00000000                                 ; TAB=4
     3 00000000                                 
     4                                          		ORG		0x7c00			; このプログラムがどこに読み込まれるのか
     5 00007C00                                 
     6 00007C00                                 ; 以下は標準的なFAT12フォーマットフロッピーディスクのための記述
     7 00007C00                                 
     8 00007C00 EB 4E                           		JMP		entry
     9 00007C02 90                              		DB		0x90
    10 00007C03 48 41 52 49 42 4F 54 45         		DB		"HARIBOTE"		; ブートセクタの名前を自由に書いてよい（8バイト）
    11 00007C0B 0200                            		DW		512				; 1セクタの大きさ（512にしなければいけない）
    12 00007C0D 01                              		DB		1				; クラスタの大きさ（1セクタにしなければいけない）
    13 00007C0E 0001                            		DW		1				; FATがどこから始まるか（普通は1セクタ目からにする）
    14 00007C10 02                              		DB		2				; FATの個数（2にしなければいけない）
    15 00007C11 00E0                            		DW		224				; ルートディレクトリ領域の大きさ（普通は224エントリにする）
    16 00007C13 0B40                            		DW		2880			; このドライブの大きさ（2880セクタにしなければいけない）
    17 00007C15 F0                              		DB		0xf0			; メディアのタイプ（0xf0にしなければいけない）
    18 00007C16 0009                            		DW		9				; FAT領域の長さ（9セクタにしなければいけない）
    19 00007C18 0012                            		DW		18				; 1トラックにいくつのセクタがあるか（18にしなければいけない）
    20 00007C1A 0002                            		DW		2				; ヘッドの数（2にしなければいけない）
    21 00007C1C 00000000                        		DD		0				; パーティションを使ってないのでここは必ず0
    22 00007C20 00000B40                        		DD		2880			; このドライブ大きさをもう一度書く
    23 00007C24 00 00 29                        		DB		0,0,0x29		; よくわからないけどこの値にしておくといいらしい
    24 00007C27 FFFFFFFF                        		DD		0xffffffff		; たぶんボリュームシリアル番号
    25 00007C2B 48 41 52 49 42 4F 54 45 4F 53   		DB		"HARIBOTEOS "	; ディスクの名前（11バイト）
       00007C35 20 
    26 00007C36 46 41 54 31 32 20 20 20         		DB		"FAT12   "		; フォーマットの名前（8バイト）
    27 00007C3E 00 00 00 00 00 00 00 00 00 00   		RESB	18				; とりあえず18バイトあけておく
       00007C48 00 00 00 00 00 00 00 00 
    28 00007C50                                 
    29 00007C50                                 ; プログラム本体
    30 00007C50                                 
    31 00007C50                                 entry:
    32 00007C50 B8 0000                         		MOV		AX,0			; レジスタ初期化
    33 00007C53 8E D0                           		MOV		SS,AX
    34 00007C55 BC 7C00                         		MOV		SP,0x7c00
    35 00007C58 8E D8                           		MOV		DS,AX
    36 00007C5A                                 
    37 00007C5A                                 ; ディスクを読む
    38 00007C5A                                 
    39 00007C5A B8 8200                         		MOV		AX,0x08200
    40 00007C5D 8E C0                           		MOV		ES,AX
    41 00007C5F B5 00                           		MOV		CH,0			; シリンダ0
    42 00007C61 B6 00                           		MOV		DH,0			; ヘッド0
    43 00007C63 B1 02                           		MOV		CL,2			; セクタ2
    44 00007C65 B4 02                           		MOV		AH,0x02			; AH=0x02 : ディスク読み込み
    45 00007C67 B0 01                           		MOV		AL,1			; 1セクタ
    46 00007C69 BB 0000                         		MOV		BX,0
    47 00007C6C B2 03                           		MOV		DL,0x03			; Aドライブ
    48 00007C6E CD 13                           		INT		0x13			; ディスクBIOS呼び出し
    49 00007C70 72 03                           		JC		error
    50 00007C72                                 
    51 00007C72                                 ; 読み終わったけどとりあえずやることないので寝る
    52 00007C72                                 
    53 00007C72                                 fin:
    54 00007C72 F4                              		HLT						; 何かあるまでCPUを停止させる
    55 00007C73 EB FD                           		JMP		fin				; 無限ループ
    56 00007C75                                 
    57 00007C75                                 error:
    58 00007C75 BE 7C8A                         		MOV		SI,msg
    59 00007C78                                 putloop:
    60 00007C78 8A 04                           		MOV		AL,[SI]
    61 00007C7A 83 C6 01                        		ADD		SI,1			; SIに1を足す
    62 00007C7D 3C 00                           		CMP		AL,0
    63 00007C7F 74 F1                           		JE		fin
    64 00007C81 B4 0E                           		MOV		AH,0x0e			; 一文字表示ファンクション
    65 00007C83 BB 000F                         		MOV		BX,15			; カラーコード
    66 00007C86 CD 10                           		INT		0x10			; ビデオBIOS呼び出し
    67 00007C88 EB EE                           		JMP		putloop
    68 00007C8A                                 msg:
    69 00007C8A 0A 0A                           		DB		0x0a, 0x0a		; 改行を2つ
    70 00007C8C 6C 6F 61 64 20 65 72 72 6F 72   		DB		"load error, yeah"
       00007C96 2C 20 79 65 61 68 
    71 00007C9C 0A                              		DB		0x0a			; 改行
    72 00007C9D 00                              		DB		0
    73 00007C9E                                 
    74 00007C9E 00 00 00 00 00 00 00 00 00 00   		RESB	0x7dfe-$		; 0x7dfeまでを0x00で埋める命令
       00007CA8 00 00 00 00 00 00 00 00 00 00 
       00007CB2 00 00 00 00 00 00 00 00 00 00 
       00007CBC 00 00 00 00 00 00 00 00 00 00 
       00007CC6 00 00 00 00 00 00 00 00 00 00 
       00007CD0 00 00 00 00 00 00 00 00 00 00 
       00007CDA 00 00 00 00 00 00 00 00 00 00 
       00007CE4 00 00 00 00 00 00 00 00 00 00 
       00007CEE 00 00 00 00 00 00 00 00 00 00 
       00007CF8 00 00 00 00 00 00 00 00 00 00 
       00007D02 00 00 00 00 00 00 00 00 00 00 
       00007D0C 00 00 00 00 00 00 00 00 00 00 
       00007D16 00 00 00 00 00 00 00 00 00 00 
       00007D20 00 00 00 00 00 00 00 00 00 00 
       00007D2A 00 00 00 00 00 00 00 00 00 00 
       00007D34 00 00 00 00 00 00 00 00 00 00 
       00007D3E 00 00 00 00 00 00 00 00 00 00 
       00007D48 00 00 00 00 00 00 00 00 00 00 
       00007D52 00 00 00 00 00 00 00 00 00 00 
       00007D5C 00 00 00 00 00 00 00 00 00 00 
       00007D66 00 00 00 00 00 00 00 00 00 00 
       00007D70 00 00 00 00 00 00 00 00 00 00 
       00007D7A 00 00 00 00 00 00 00 00 00 00 
       00007D84 00 00 00 00 00 00 00 00 00 00 
       00007D8E 00 00 00 00 00 00 00 00 00 00 
       00007D98 00 00 00 00 00 00 00 00 00 00 
       00007DA2 00 00 00 00 00 00 00 00 00 00 
       00007DAC 00 00 00 00 00 00 00 00 00 00 
       00007DB6 00 00 00 00 00 00 00 00 00 00 
       00007DC0 00 00 00 00 00 00 00 00 00 00 
       00007DCA 00 00 00 00 00 00 00 00 00 00 
       00007DD4 00 00 00 00 00 00 00 00 00 00 
       00007DDE 00 00 00 00 00 00 00 00 00 00 
       00007DE8 00 00 00 00 00 00 00 00 00 00 
       00007DF2 00 00 00 00 00 00 00 00 00 00 
       00007DFC 00 00 
    75 00007DFE                                 
    76 00007DFE 55 AA                           		DB		0x55, 0xaa
